生成启动时间为 2021/1/5 11:20:12。
     1>项目“D:\coding\ConcurrentMemoryPool\ConcurrentMemoryPool\ConcurrentMemoryPool.vcxproj”在节点 2 上(Build 个目标)。
     1>ClCompile:
         D:\abc\VS2015\VC\bin\x86_amd64\CL.exe /c /ZI /nologo /W3 /WX- /sdl /Od /D _DEBUG /D _CONSOLE /D _UNICODE /D UNICODE /Gm /EHsc /RTC1 /MDd /GS /fp:precise /Zc:wchar_t /Zc:forScope /Zc:inline /Fo"x64\Debug\\" /Fd"x64\Debug\vc140.pdb" /Gd /TP /errorReport:prompt Benchmark.cpp CentralCache.cpp PageCache.cpp ThreadCache.cpp
         ThreadCache.cpp
     1>d:\coding\concurrentmemorypool\concurrentmemorypool\common.h(279): warning C4334: “<<”: 32 位移位的结果被隐式转换为 64 位(是否希望进行 64 位移位?)
         PageCache.cpp
     1>d:\coding\concurrentmemorypool\concurrentmemorypool\common.h(279): warning C4334: “<<”: 32 位移位的结果被隐式转换为 64 位(是否希望进行 64 位移位?)
         CentralCache.cpp
     1>d:\coding\concurrentmemorypool\concurrentmemorypool\common.h(279): warning C4334: “<<”: 32 位移位的结果被隐式转换为 64 位(是否希望进行 64 位移位?)
         Benchmark.cpp
     1>d:\coding\concurrentmemorypool\concurrentmemorypool\common.h(279): warning C4334: “<<”: 32 位移位的结果被隐式转换为 64 位(是否希望进行 64 位移位?)
     1>d:\coding\concurrentmemorypool\concurrentmemorypool\benchmark.cpp(46): warning C4477: 'printf' : format string '%u' requires an argument of type 'unsigned int', but variadic argument 1 has type 'size_t'
         d:\coding\concurrentmemorypool\concurrentmemorypool\benchmark.cpp(46): note: consider using '%zu' in the format string
     1>d:\coding\concurrentmemorypool\concurrentmemorypool\benchmark.cpp(46): warning C4477: 'printf' : format string '%u' requires an argument of type 'unsigned int', but variadic argument 2 has type 'size_t'
         d:\coding\concurrentmemorypool\concurrentmemorypool\benchmark.cpp(46): note: consider using '%zu' in the format string
     1>d:\coding\concurrentmemorypool\concurrentmemorypool\benchmark.cpp(46): warning C4477: 'printf' : format string '%u' requires an argument of type 'unsigned int', but variadic argument 3 has type 'size_t'
         d:\coding\concurrentmemorypool\concurrentmemorypool\benchmark.cpp(46): note: consider using '%zu' in the format string
     1>d:\coding\concurrentmemorypool\concurrentmemorypool\benchmark.cpp(46): warning C4477: 'printf' : format string '%u' requires an argument of type 'unsigned int', but variadic argument 4 has type 'size_t'
         d:\coding\concurrentmemorypool\concurrentmemorypool\benchmark.cpp(46): note: consider using '%zu' in the format string
     1>d:\coding\concurrentmemorypool\concurrentmemorypool\benchmark.cpp(47): warning C4477: 'printf' : format string '%u' requires an argument of type 'unsigned int', but variadic argument 1 has type 'size_t'
         d:\coding\concurrentmemorypool\concurrentmemorypool\benchmark.cpp(47): note: consider using '%zu' in the format string
     1>d:\coding\concurrentmemorypool\concurrentmemorypool\benchmark.cpp(47): warning C4477: 'printf' : format string '%u' requires an argument of type 'unsigned int', but variadic argument 2 has type 'size_t'
         d:\coding\concurrentmemorypool\concurrentmemorypool\benchmark.cpp(47): note: consider using '%zu' in the format string
     1>d:\coding\concurrentmemorypool\concurrentmemorypool\benchmark.cpp(47): warning C4477: 'printf' : format string '%u' requires an argument of type 'unsigned int', but variadic argument 3 has type 'size_t'
         d:\coding\concurrentmemorypool\concurrentmemorypool\benchmark.cpp(47): note: consider using '%zu' in the format string
     1>d:\coding\concurrentmemorypool\concurrentmemorypool\benchmark.cpp(47): warning C4477: 'printf' : format string '%u' requires an argument of type 'unsigned int', but variadic argument 4 has type 'size_t'
         d:\coding\concurrentmemorypool\concurrentmemorypool\benchmark.cpp(47): note: consider using '%zu' in the format string
     1>d:\coding\concurrentmemorypool\concurrentmemorypool\benchmark.cpp(48): warning C4477: 'printf' : format string '%u' requires an argument of type 'unsigned int', but variadic argument 1 has type 'size_t'
         d:\coding\concurrentmemorypool\concurrentmemorypool\benchmark.cpp(48): note: consider using '%zu' in the format string
     1>d:\coding\concurrentmemorypool\concurrentmemorypool\benchmark.cpp(48): warning C4477: 'printf' : format string '%u' requires an argument of type 'unsigned int', but variadic argument 2 has type 'size_t'
         d:\coding\concurrentmemorypool\concurrentmemorypool\benchmark.cpp(48): note: consider using '%zu' in the format string
     1>d:\coding\concurrentmemorypool\concurrentmemorypool\benchmark.cpp(48): warning C4477: 'printf' : format string '%u' requires an argument of type 'unsigned int', but variadic argument 3 has type 'size_t'
         d:\coding\concurrentmemorypool\concurrentmemorypool\benchmark.cpp(48): note: consider using '%zu' in the format string
     1>d:\coding\concurrentmemorypool\concurrentmemorypool\benchmark.cpp(86): warning C4477: 'printf' : format string '%u' requires an argument of type 'unsigned int', but variadic argument 1 has type 'size_t'
         d:\coding\concurrentmemorypool\concurrentmemorypool\benchmark.cpp(86): note: consider using '%zu' in the format string
     1>d:\coding\concurrentmemorypool\concurrentmemorypool\benchmark.cpp(86): warning C4477: 'printf' : format string '%u' requires an argument of type 'unsigned int', but variadic argument 2 has type 'size_t'
         d:\coding\concurrentmemorypool\concurrentmemorypool\benchmark.cpp(86): note: consider using '%zu' in the format string
     1>d:\coding\concurrentmemorypool\concurrentmemorypool\benchmark.cpp(86): warning C4477: 'printf' : format string '%u' requires an argument of type 'unsigned int', but variadic argument 3 has type 'size_t'
         d:\coding\concurrentmemorypool\concurrentmemorypool\benchmark.cpp(86): note: consider using '%zu' in the format string
     1>d:\coding\concurrentmemorypool\concurrentmemorypool\benchmark.cpp(86): warning C4477: 'printf' : format string '%u' requires an argument of type 'unsigned int', but variadic argument 4 has type 'size_t'
         d:\coding\concurrentmemorypool\concurrentmemorypool\benchmark.cpp(86): note: consider using '%zu' in the format string
     1>d:\coding\concurrentmemorypool\concurrentmemorypool\benchmark.cpp(87): warning C4477: 'printf' : format string '%u' requires an argument of type 'unsigned int', but variadic argument 1 has type 'size_t'
         d:\coding\concurrentmemorypool\concurrentmemorypool\benchmark.cpp(87): note: consider using '%zu' in the format string
     1>d:\coding\concurrentmemorypool\concurrentmemorypool\benchmark.cpp(87): warning C4477: 'printf' : format string '%u' requires an argument of type 'unsigned int', but variadic argument 2 has type 'size_t'
         d:\coding\concurrentmemorypool\concurrentmemorypool\benchmark.cpp(87): note: consider using '%zu' in the format string
     1>d:\coding\concurrentmemorypool\concurrentmemorypool\benchmark.cpp(87): warning C4477: 'printf' : format string '%u' requires an argument of type 'unsigned int', but variadic argument 3 has type 'size_t'
         d:\coding\concurrentmemorypool\concurrentmemorypool\benchmark.cpp(87): note: consider using '%zu' in the format string
     1>d:\coding\concurrentmemorypool\concurrentmemorypool\benchmark.cpp(87): warning C4477: 'printf' : format string '%u' requires an argument of type 'unsigned int', but variadic argument 4 has type 'size_t'
         d:\coding\concurrentmemorypool\concurrentmemorypool\benchmark.cpp(87): note: consider using '%zu' in the format string
     1>d:\coding\concurrentmemorypool\concurrentmemorypool\benchmark.cpp(88): warning C4477: 'printf' : format string '%u' requires an argument of type 'unsigned int', but variadic argument 1 has type 'size_t'
         d:\coding\concurrentmemorypool\concurrentmemorypool\benchmark.cpp(88): note: consider using '%zu' in the format string
     1>d:\coding\concurrentmemorypool\concurrentmemorypool\benchmark.cpp(88): warning C4477: 'printf' : format string '%u' requires an argument of type 'unsigned int', but variadic argument 2 has type 'size_t'
         d:\coding\concurrentmemorypool\concurrentmemorypool\benchmark.cpp(88): note: consider using '%zu' in the format string
     1>d:\coding\concurrentmemorypool\concurrentmemorypool\benchmark.cpp(88): warning C4477: 'printf' : format string '%u' requires an argument of type 'unsigned int', but variadic argument 3 has type 'size_t'
         d:\coding\concurrentmemorypool\concurrentmemorypool\benchmark.cpp(88): note: consider using '%zu' in the format string
         正在生成代码...
       Link:
         D:\abc\VS2015\VC\bin\x86_amd64\link.exe /ERRORREPORT:PROMPT /OUT:"D:\coding\ConcurrentMemoryPool\x64\Debug\ConcurrentMemoryPool.exe" /INCREMENTAL /NOLOGO kernel32.lib user32.lib gdi32.lib winspool.lib comdlg32.lib advapi32.lib shell32.lib ole32.lib oleaut32.lib uuid.lib odbc32.lib odbccp32.lib /MANIFEST /MANIFESTUAC:"level='asInvoker' uiAccess='false'" /manifest:embed /Debug /PDB:"D:\coding\ConcurrentMemoryPool\x64\Debug\ConcurrentMemoryPool.pdb" /SUBSYSTEM:CONSOLE /TLBID:1 /DYNAMICBASE /NXCOMPAT /IMPLIB:"D:\coding\ConcurrentMemoryPool\x64\Debug\ConcurrentMemoryPool.lib" /MACHINE:X64 x64\Debug\Benchmark.obj
         x64\Debug\CentralCache.obj
         x64\Debug\PageCache.obj
         x64\Debug\ThreadCache.obj
         ConcurrentMemoryPool.vcxproj -> D:\coding\ConcurrentMemoryPool\x64\Debug\ConcurrentMemoryPool.exe
     1>已完成生成项目“D:\coding\ConcurrentMemoryPool\ConcurrentMemoryPool\ConcurrentMemoryPool.vcxproj”(Build 个目标)的操作。

已成功生成。

已用时间 00:00:04.13
