生成启动时间为 2021/1/5 10:23:51。
     1>项目“D:\coding\ConcurrentMemoryPool\ConcurrentMemoryPool\ConcurrentMemoryPool.vcxproj”在节点 2 上(Build 个目标)。
     1>ClCompile:
         D:\abc\VS2015\VC\bin\x86_amd64\CL.exe /c /Zi /nologo /W3 /WX- /sdl /O2 /Oi /GL /D NDEBUG /D _CONSOLE /D _UNICODE /D UNICODE /Gm- /EHsc /MD /GS /Gy /fp:precise /Zc:wchar_t /Zc:forScope /Zc:inline /Fo"x64\Release\\" /Fd"x64\Release\vc140.pdb" /Gd /TP /errorReport:prompt Benchmark.cpp
         Benchmark.cpp
     1>d:\coding\concurrentmemorypool\concurrentmemorypool\Common.h(279): warning C4334: “<<”: 32 位移位的结果被隐式转换为 64 位(是否希望进行 64 位移位?)
     1>Benchmark.cpp(46): warning C4477: 'printf' : format string '%u' requires an argument of type 'unsigned int', but variadic argument 1 has type 'size_t'
         Benchmark.cpp(46): note: consider using '%zu' in the format string
     1>Benchmark.cpp(46): warning C4477: 'printf' : format string '%u' requires an argument of type 'unsigned int', but variadic argument 2 has type 'size_t'
         Benchmark.cpp(46): note: consider using '%zu' in the format string
     1>Benchmark.cpp(46): warning C4477: 'printf' : format string '%u' requires an argument of type 'unsigned int', but variadic argument 3 has type 'size_t'
         Benchmark.cpp(46): note: consider using '%zu' in the format string
     1>Benchmark.cpp(46): warning C4477: 'printf' : format string '%u' requires an argument of type 'unsigned int', but variadic argument 4 has type 'size_t'
         Benchmark.cpp(46): note: consider using '%zu' in the format string
     1>Benchmark.cpp(47): warning C4477: 'printf' : format string '%u' requires an argument of type 'unsigned int', but variadic argument 1 has type 'size_t'
         Benchmark.cpp(47): note: consider using '%zu' in the format string
     1>Benchmark.cpp(47): warning C4477: 'printf' : format string '%u' requires an argument of type 'unsigned int', but variadic argument 2 has type 'size_t'
         Benchmark.cpp(47): note: consider using '%zu' in the format string
     1>Benchmark.cpp(47): warning C4477: 'printf' : format string '%u' requires an argument of type 'unsigned int', but variadic argument 3 has type 'size_t'
         Benchmark.cpp(47): note: consider using '%zu' in the format string
     1>Benchmark.cpp(47): warning C4477: 'printf' : format string '%u' requires an argument of type 'unsigned int', but variadic argument 4 has type 'size_t'
         Benchmark.cpp(47): note: consider using '%zu' in the format string
     1>Benchmark.cpp(48): warning C4477: 'printf' : format string '%u' requires an argument of type 'unsigned int', but variadic argument 1 has type 'size_t'
         Benchmark.cpp(48): note: consider using '%zu' in the format string
     1>Benchmark.cpp(48): warning C4477: 'printf' : format string '%u' requires an argument of type 'unsigned int', but variadic argument 2 has type 'size_t'
         Benchmark.cpp(48): note: consider using '%zu' in the format string
     1>Benchmark.cpp(48): warning C4477: 'printf' : format string '%u' requires an argument of type 'unsigned int', but variadic argument 3 has type 'size_t'
         Benchmark.cpp(48): note: consider using '%zu' in the format string
     1>Benchmark.cpp(86): warning C4477: 'printf' : format string '%u' requires an argument of type 'unsigned int', but variadic argument 1 has type 'size_t'
         Benchmark.cpp(86): note: consider using '%zu' in the format string
     1>Benchmark.cpp(86): warning C4477: 'printf' : format string '%u' requires an argument of type 'unsigned int', but variadic argument 2 has type 'size_t'
         Benchmark.cpp(86): note: consider using '%zu' in the format string
     1>Benchmark.cpp(86): warning C4477: 'printf' : format string '%u' requires an argument of type 'unsigned int', but variadic argument 3 has type 'size_t'
         Benchmark.cpp(86): note: consider using '%zu' in the format string
     1>Benchmark.cpp(86): warning C4477: 'printf' : format string '%u' requires an argument of type 'unsigned int', but variadic argument 4 has type 'size_t'
         Benchmark.cpp(86): note: consider using '%zu' in the format string
     1>Benchmark.cpp(87): warning C4477: 'printf' : format string '%u' requires an argument of type 'unsigned int', but variadic argument 1 has type 'size_t'
         Benchmark.cpp(87): note: consider using '%zu' in the format string
     1>Benchmark.cpp(87): warning C4477: 'printf' : format string '%u' requires an argument of type 'unsigned int', but variadic argument 2 has type 'size_t'
         Benchmark.cpp(87): note: consider using '%zu' in the format string
     1>Benchmark.cpp(87): warning C4477: 'printf' : format string '%u' requires an argument of type 'unsigned int', but variadic argument 3 has type 'size_t'
         Benchmark.cpp(87): note: consider using '%zu' in the format string
     1>Benchmark.cpp(87): warning C4477: 'printf' : format string '%u' requires an argument of type 'unsigned int', but variadic argument 4 has type 'size_t'
         Benchmark.cpp(87): note: consider using '%zu' in the format string
     1>Benchmark.cpp(88): warning C4477: 'printf' : format string '%u' requires an argument of type 'unsigned int', but variadic argument 1 has type 'size_t'
         Benchmark.cpp(88): note: consider using '%zu' in the format string
     1>Benchmark.cpp(88): warning C4477: 'printf' : format string '%u' requires an argument of type 'unsigned int', but variadic argument 2 has type 'size_t'
         Benchmark.cpp(88): note: consider using '%zu' in the format string
     1>Benchmark.cpp(88): warning C4477: 'printf' : format string '%u' requires an argument of type 'unsigned int', but variadic argument 3 has type 'size_t'
         Benchmark.cpp(88): note: consider using '%zu' in the format string
       Link:
         D:\abc\VS2015\VC\bin\x86_amd64\link.exe /ERRORREPORT:PROMPT /OUT:"D:\coding\ConcurrentMemoryPool\x64\Release\ConcurrentMemoryPool.exe" /INCREMENTAL:NO /NOLOGO kernel32.lib user32.lib gdi32.lib winspool.lib comdlg32.lib advapi32.lib shell32.lib ole32.lib oleaut32.lib uuid.lib odbc32.lib odbccp32.lib /MANIFEST /MANIFESTUAC:"level='asInvoker' uiAccess='false'" /manifest:embed /Debug /PDB:"D:\coding\ConcurrentMemoryPool\x64\Release\ConcurrentMemoryPool.pdb" /SUBSYSTEM:CONSOLE /OPT:REF /OPT:ICF /LTCG:incremental /TLBID:1 /DYNAMICBASE /NXCOMPAT /IMPLIB:"D:\coding\ConcurrentMemoryPool\x64\Release\ConcurrentMemoryPool.lib" /MACHINE:X64 x64\Release\Benchmark.obj
         x64\Release\CentralCache.obj
         x64\Release\PageCache.obj
         x64\Release\ThreadCache.obj
         正在生成代码
         1 of 648 functions ( 0.2%) were compiled, the rest were copied from previous compilation.
           0 functions were new in current compilation
           0 functions had inline decision re-evaluated but remain unchanged
         已完成代码的生成
         ConcurrentMemoryPool.vcxproj -> D:\coding\ConcurrentMemoryPool\x64\Release\ConcurrentMemoryPool.exe
     1>已完成生成项目“D:\coding\ConcurrentMemoryPool\ConcurrentMemoryPool\ConcurrentMemoryPool.vcxproj”(Build 个目标)的操作。

已成功生成。

已用时间 00:00:01.36
